[debug] [2025-07-22T11:24:53.260Z] : 
[debug] [2025-07-22T11:24:53.262Z] : ----------------------------------------------------------------------
[debug] [2025-07-22T11:24:53.262Z] : Command:      C:\nvm4w\nodejs\node.exe C:\nvm4w\nodejs\node_modules\zcatalyst-cli\lib\bin\catalyst.js deploy
[debug] [2025-07-22T11:24:53.263Z] : CLI Version:  1.20.1
[debug] [2025-07-22T11:24:53.264Z] : Platform:     win32
[debug] [2025-07-22T11:24:53.264Z] : Node Version: v18.18.2
[debug] [2025-07-22T11:24:53.266Z] : Time:         Tue Jul 22 2025 16:54:53 GMT+0530 (India Standard Time)
[debug] [2025-07-22T11:24:53.266Z] : ----------------------------------------------------------------------
[debug] [2025-07-22T11:24:53.266Z] : 
[debug] [2025-07-22T11:24:54.021Z] : > authorizing via signed-in user option
[debug] [2025-07-22T11:24:54.022Z] : > command requires scopes: ["ZohoCatalyst.projects.ALL","ZohoCatalyst.functions.ALL","ZohoCatalyst.webapp.ALL","ZohoCatalyst.appsail.Update"]
[debug] [2025-07-22T11:24:54.056Z] : >>>> HTTP REQUEST : GET https://api.catalyst.zoho.in/baas/v1/project/20263000000010319 

[debug] [2025-07-22T11:24:54.740Z] : <<<< HTTP RESPONSE : 200
Response Headers: {"server":"ZGS","date":"Tue, 22 Jul 2025 11:24:57 GMT","content-type":"application/vnd.catalyst.v2+json","transfer-encoding":"chunked","connection":"close","x-content-type-options":"nosniff","cache-control":"private,no-cache,no-store,max-age=0,must-revalidate","pragma":"no-cache","expires":"Thu, 01 Jan 1970 00:00:00 GMT","x-frame-options":"DENY","strict-transport-security":"max-age=64072000; includeSubDomains; preload"}

[debug] [2025-07-22T11:24:54.755Z] : >>>> HTTP REQUEST : GET https://api.catalyst.zoho.in/baas/v1/project/20263000000010319/environment 

[debug] [2025-07-22T11:24:55.345Z] : <<<< HTTP RESPONSE : 200
Response Headers: {"server":"ZGS","date":"Tue, 22 Jul 2025 11:24:58 GMT","content-type":"application/vnd.catalyst.v2+json","transfer-encoding":"chunked","connection":"close","x-content-type-options":"nosniff","cache-control":"private,no-cache,no-store,max-age=0,must-revalidate","pragma":"no-cache","expires":"Thu, 01 Jan 1970 00:00:00 GMT","x-frame-options":"DENY","strict-transport-security":"max-age=64072000; includeSubDomains; preload"}

[debug] [2025-07-22T11:24:55.975Z] : >>>> HTTP REQUEST : POST https://api.catalyst.zoho.in/baas/v1/project/20263000000010319/webapp 

[debug] [2025-07-22T11:25:19.206Z] : <<<< HTTP RESPONSE : 500
Response Headers: {"server":"ZGS","date":"Tue, 22 Jul 2025 11:25:21 GMT","content-type":"application/vnd.catalyst.v2+json","transfer-encoding":"chunked","connection":"close","x-content-type-options":"nosniff","cache-control":"private,no-cache,no-store,max-age=0,must-revalidate","pragma":"no-cache","expires":"Thu, 01 Jan 1970 00:00:00 GMT","x-frame-options":"DENY","strict-transport-security":"max-age=64072000; includeSubDomains; preload"}

[debug] [2025-07-22T11:25:19.209Z] : Response Body : "{\"status\":\"failure\",\"data\":{\"message\":\"Internal server error has occurred. Please try again after some time\",\"error_code\":\"INTERNAL_SERVER_ERROR\"}}"

[debug] [2025-07-22T11:25:19.216Z] : client deploy unsuccessful, reason : CatalystError: HTTP Error: 500, Internal server error has occurred. Please try again after some time
    at exports.default (C:\Users\Nithish\AppData\Local\nvm\v18.18.2\node_modules\zcatalyst-cli\lib\errorResponse.js:25:12)
    at API._parseResponse (C:\Users\Nithish\AppData\Local\nvm\v18.18.2\node_modules\zcatalyst-cli\lib\internal\api.js:159:60)
    at API.<anonymous> (C:\Users\Nithish\AppData\Local\nvm\v18.18.2\node_modules\zcatalyst-cli\lib\internal\api.js:242:38)
    at Generator.next (<anonymous>)
    at C:\Users\Nithish\AppData\Local\nvm\v18.18.2\node_modules\zcatalyst-cli\lib\internal\api.js:31:71
    at new Promise (<anonymous>)
    at __awaiter (C:\Users\Nithish\AppData\Local\nvm\v18.18.2\node_modules\zcatalyst-cli\lib\internal\api.js:27:12)
    at Request.<anonymous> (C:\Users\Nithish\AppData\Local\nvm\v18.18.2\node_modules\zcatalyst-cli\lib\internal\api.js:240:53)
    at Request.emit (node:events:529:35)
    at Request.<anonymous> (C:\Users\Nithish\AppData\Local\nvm\v18.18.2\node_modules\zcatalyst-cli\node_modules\request\request.js:1154:10)
[warn] [2025-07-22T11:25:19.218Z] : ‼ client: HTTP Error: 500, Internal server error has occurred. Please try again after some time
[info] [2025-07-22T11:25:19.219Z] : 
[error] [2025-07-22T11:25:19.221Z] : × client: deploy skipped
[info] [2025-07-22T11:25:19.221Z] : 
[error] [2025-07-22T11:25:19.222Z] : × No components deployed!
[error] [2025-07-22T11:25:19.228Z] : × HTTP Error: 500, Internal server error has occurred. Please try again after some time
[debug] [2025-07-22T11:25:19.229Z] : Error Stack: CatalystError: HTTP Error: 500, Internal server error has occurred. Please try again after some time
    at exports.default (C:\Users\Nithish\AppData\Local\nvm\v18.18.2\node_modules\zcatalyst-cli\lib\errorResponse.js:25:12)
    at API._parseResponse (C:\Users\Nithish\AppData\Local\nvm\v18.18.2\node_modules\zcatalyst-cli\lib\internal\api.js:159:60)
    at API.<anonymous> (C:\Users\Nithish\AppData\Local\nvm\v18.18.2\node_modules\zcatalyst-cli\lib\internal\api.js:242:38)
    at Generator.next (<anonymous>)
    at C:\Users\Nithish\AppData\Local\nvm\v18.18.2\node_modules\zcatalyst-cli\lib\internal\api.js:31:71
    at new Promise (<anonymous>)
    at __awaiter (C:\Users\Nithish\AppData\Local\nvm\v18.18.2\node_modules\zcatalyst-cli\lib\internal\api.js:27:12)
    at Request.<anonymous> (C:\Users\Nithish\AppData\Local\nvm\v18.18.2\node_modules\zcatalyst-cli\lib\internal\api.js:240:53)
    at Request.emit (node:events:529:35)
    at Request.<anonymous> (C:\Users\Nithish\AppData\Local\nvm\v18.18.2\node_modules\zcatalyst-cli\node_modules\request\request.js:1154:10)
[debug] [2025-07-22T11:25:19.230Z] : Error Context: {
  "body": {
    "status": "failure",
    "data": {
      "message": "Internal server error has occurred. Please try again after some time",
      "error_code": "INTERNAL_SERVER_ERROR"
    }
  },
  "response": {
    "statusCode": 500,
    "body": "{\"status\":\"failure\",\"data\":{\"message\":\"Internal server error has occurred. Please try again after some time\",\"error_code\":\"INTERNAL_SERVER_ERROR\"}}",
    "headers": {
      "server": "ZGS",
      "date": "Tue, 22 Jul 2025 11:25:21 GMT",
      "content-type": "application/vnd.catalyst.v2+json",
      "transfer-encoding": "chunked",
      "connection": "close",
      "set-cookie": [
        "zalb_3a750b85f1=ed010f63633be60a322039283f31a645; Path=/; Secure; HttpOnly",
        "ZD_CSRF_TOKEN=1c549802-ea07-4863-8545-8ae50bc0e60f;path=/;SameSite=None;Secure;priority=high",
        "_zcsr_tmp=1c549802-ea07-4863-8545-8ae50bc0e60f;path=/;SameSite=Strict;Secure;priority=high"
      ],
      "x-content-type-options": "nosniff",
      "cache-control": "private,no-cache,no-store,max-age=0,must-revalidate",
      "pragma": "no-cache",
      "expires": "Thu, 01 Jan 1970 00:00:00 GMT",
      "x-frame-options": "DENY",
      "strict-transport-security": "max-age=64072000; includeSubDomains; preload"
    },
    "request": {
      "uri": {
        "protocol": "https:",
        "slashes": true,
        "auth": null,
        "host": "api.catalyst.zoho.in",
        "port": 443,
        "hostname": "api.catalyst.zoho.in",
        "hash": null,
        "search": null,
        "query": null,
        "pathname": "/baas/v1/project/20263000000010319/webapp",
        "path": "/baas/v1/project/20263000000010319/webapp",
        "href": "https://api.catalyst.zoho.in/baas/v1/project/20263000000010319/webapp"
      },
      "method": "POST"
    }
  }
}
[debug] [2025-07-22T11:25:19.230Z] : Error Status: 500
[info] [2025-07-22T11:25:19.231Z] : Kindly contact Catalyst support [support@zohocatalyst.com] if you need any further assistance
[debug] [2025-07-22T11:25:19.232Z] : EXEC ENDED with event: deploy, message: success
[debug] [2025-07-22T11:25:19.232Z] : TOTAL DURATION OF COMMAND EXEC : 25229
[debug] [2025-07-22T11:25:19.348Z] : >>>> HTTP REQUEST : POST https://api.catalyst.zoho.in/baas/v1/cli/logs 
<request body omitted>

[debug] [2025-07-22T11:25:32.986Z] : <<<< HTTP RESPONSE : 400
Response Headers: {"server":"ZGS","date":"Tue, 22 Jul 2025 11:25:35 GMT","content-type":"application/json;charset=ISO-8859-1","content-length":"148","connection":"close","x-content-type-options":"nosniff","x-frame-options":"DENY","strict-transport-security":"max-age=64072000; includeSubDomains; preload"}

[debug] [2025-07-22T11:25:32.989Z] : Response Body : {"status":"failure","data":{"error_code":"INPUT_SIZE_MORE_THAN_ALLOWED","message":"Please check if the size of the input is in the correct range"}}

[debug] [2025-07-22T11:25:32.992Z] : Unable to send debug log to server: HTTP Error: 400, Please check if the size of the input is in the correct range
